# JRE version: OpenJDK Runtime Environment (8.0_152-b01) (build 1.8.0_152-release-1343-b01)
# Java VM: OpenJDK 64-Bit Server VM (25.152-b01 mixed mode windows-amd64 compressed oops)
Heap:
 PSYoungGen      total 161792K, used 103000K [0x00000000f5580000, 0x0000000100000000, 0x0000000100000000)
  eden space 148480K, 63% used [0x00000000f5580000,0x00000000fb1656d8,0x00000000fe680000)
  from space 13312K, 66% used [0x00000000ff300000,0x00000000ffbb0ca8,0x0000000100000000)
  to   space 12800K, 0% used [0x00000000fe680000,0x00000000fe680000,0x00000000ff300000)
 ParOldGen       total 170496K, used 16509K [0x00000000e0000000, 0x00000000ea680000, 0x00000000f5580000)
  object space 170496K, 9% used [0x00000000e0000000,0x00000000e101f490,0x00000000ea680000)
 Metaspace       used 44288K, capacity 45220K, committed 45568K, reserved 1089536K
  class space    used 5640K, capacity 5868K, committed 5888K, reserved 1048576K
GC Heap History (10 events):
Event: 4.823 GC heap before
{Heap before GC invocations=8 (full 1):
 PSYoungGen      total 111616K, used 107804K [0x00000000f5580000, 0x00000000fcf00000, 0x0000000100000000)
  eden space 99840K, 100% used [0x00000000f5580000,0x00000000fb700000,0x00000000fb700000)
  from space 11776K, 67% used [0x00000000fc280000,0x00000000fca47358,0x00000000fce00000)
  to   space 11776K, 0% used [0x00000000fb700000,0x00000000fb700000,0x00000000fc280000)
 ParOldGen       total 110080K, used 10499K [0x00000000e0000000, 0x00000000e6b80000, 0x00000000f5580000)
  object space 110080K, 9% used [0x00000000e0000000,0x00000000e0a40dc8,0x00000000e6b80000)
 Metaspace       used 32430K, capacity 32956K, committed 33280K, reserved 1077248K
  class space    used 4364K, capacity 4582K, committed 4608K, reserved 1048576K
Event: 4.833 GC heap after
Heap after GC invocations=8 (full 1):
 PSYoungGen      total 111616K, used 10966K [0x00000000f5580000, 0x0000000100000000, 0x0000000100000000)
  eden space 99840K, 0% used [0x00000000f5580000,0x00000000f5580000,0x00000000fb700000)
  from space 11776K, 93% used [0x00000000fb700000,0x00000000fc1b5a10,0x00000000fc280000)
  to   space 12288K, 0% used [0x00000000ff400000,0x00000000ff400000,0x0000000100000000)
 ParOldGen       total 110080K, used 10507K [0x00000000e0000000, 0x00000000e6b80000, 0x00000000f5580000)
  object space 110080K, 9% used [0x00000000e0000000,0x00000000e0a42dc8,0x00000000e6b80000)
 Metaspace       used 32430K, capacity 32956K, committed 33280K, reserved 1077248K
  class space    used 4364K, capacity 4582K, committed 4608K, reserved 1048576K
}
Event: 5.433 GC heap before
{Heap before GC invocations=9 (full 1):
 PSYoungGen      total 111616K, used 77008K [0x00000000f5580000, 0x0000000100000000, 0x0000000100000000)
  eden space 99840K, 66% used [0x00000000f5580000,0x00000000f95fe6a0,0x00000000fb700000)
  from space 11776K, 93% used [0x00000000fb700000,0x00000000fc1b5a10,0x00000000fc280000)
  to   space 12288K, 0% used [0x00000000ff400000,0x00000000ff400000,0x0000000100000000)
 ParOldGen       total 110080K, used 10507K [0x00000000e0000000, 0x00000000e6b80000, 0x00000000f5580000)
  object space 110080K, 9% used [0x00000000e0000000,0x00000000e0a42dc8,0x00000000e6b80000)
 Metaspace       used 34672K, capacity 35360K, committed 35456K, reserved 1079296K
  class space    used 4697K, capacity 4929K, committed 4992K, reserved 1048576K
Event: 5.440 GC heap after
Heap after GC invocations=9 (full 1):
 PSYoungGen      total 161280K, used 6152K [0x00000000f5580000, 0x0000000100000000, 0x0000000100000000)
  eden space 148992K, 0% used [0x00000000f5580000,0x00000000f5580000,0x00000000fe700000)
  from space 12288K, 50% used [0x00000000ff400000,0x00000000ffa022c0,0x0000000100000000)
  to   space 12800K, 0% used [0x00000000fe700000,0x00000000fe700000,0x00000000ff380000)
 ParOldGen       total 110080K, used 14749K [0x00000000e0000000, 0x00000000e6b80000, 0x00000000f5580000)
  object space 110080K, 13% used [0x00000000e0000000,0x00000000e0e674b0,0x00000000e6b80000)
 Metaspace       used 34672K, capacity 35360K, committed 35456K, reserved 1079296K
  class space    used 4697K, capacity 4929K, committed 4992K, reserved 1048576K
}
Event: 5.440 GC heap before
{Heap before GC invocations=10 (full 2):
 PSYoungGen      total 161280K, used 6152K [0x00000000f5580000, 0x0000000100000000, 0x0000000100000000)
  eden space 148992K, 0% used [0x00000000f5580000,0x00000000f5580000,0x00000000fe700000)
  from space 12288K, 50% used [0x00000000ff400000,0x00000000ffa022c0,0x0000000100000000)
  to   space 12800K, 0% used [0x00000000fe700000,0x00000000fe700000,0x00000000ff380000)
 ParOldGen       total 110080K, used 14749K [0x00000000e0000000, 0x00000000e6b80000, 0x00000000f5580000)
  object space 110080K, 13% used [0x00000000e0000000,0x00000000e0e674b0,0x00000000e6b80000)
 Metaspace       used 34672K, capacity 35360K, committed 35456K, reserved 1079296K
  class space    used 4697K, capacity 4929K, committed 4992K, reserved 1048576K
Event: 5.492 GC heap after
Heap after GC invocations=10 (full 2):
 PSYoungGen      total 161280K, used 0K [0x00000000f5580000, 0x0000000100000000, 0x0000000100000000)
  eden space 148992K, 0% used [0x00000000f5580000,0x00000000f5580000,0x00000000fe700000)
  from space 12288K, 0% used [0x00000000ff400000,0x00000000ff400000,0x0000000100000000)
  to   space 12800K, 0% used [0x00000000fe700000,0x00000000fe700000,0x00000000ff380000)
 ParOldGen       total 170496K, used 16413K [0x00000000e0000000, 0x00000000ea680000, 0x00000000f5580000)
  object space 170496K, 9% used [0x00000000e0000000,0x00000000e1007480,0x00000000ea680000)
 Metaspace       used 34619K, capacity 35296K, committed 35456K, reserved 1079296K
  class space    used 4680K, capacity 4909K, committed 4992K, reserved 1048576K
}
Event: 21.710 GC heap before
{Heap before GC invocations=11 (full 2):
 PSYoungGen      total 161280K, used 148992K [0x00000000f5580000, 0x0000000100000000, 0x0000000100000000)
  eden space 148992K, 100% used [0x00000000f5580000,0x00000000fe700000,0x00000000fe700000)
  from space 12288K, 0% used [0x00000000ff400000,0x00000000ff400000,0x0000000100000000)
  to   space 12800K, 0% used [0x00000000fe700000,0x00000000fe700000,0x00000000ff380000)
 ParOldGen       total 170496K, used 16413K [0x00000000e0000000, 0x00000000ea680000, 0x00000000f5580000)
  object space 170496K, 9% used [0x00000000e0000000,0x00000000e1007480,0x00000000ea680000)
 Metaspace       used 43515K, capacity 44386K, committed 44544K, reserved 1087488K
  class space    used 5615K, capacity 5829K, committed 5888K, reserved 1048576K
Event: 21.717 GC heap after
Heap after GC invocations=11 (full 2):
 PSYoungGen      total 159744K, used 10750K [0x00000000f5580000, 0x0000000100000000, 0x0000000100000000)
  eden space 148992K, 0% used [0x00000000f5580000,0x00000000f5580000,0x00000000fe700000)
  from space 10752K, 99% used [0x00000000fe700000,0x00000000ff17f920,0x00000000ff180000)
  to   space 13312K, 0% used [0x00000000ff300000,0x00000000ff300000,0x0000000100000000)
 ParOldGen       total 170496K, used 16501K [0x00000000e0000000, 0x00000000ea680000, 0x00000000f5580000)
  object space 170496K, 9% used [0x00000000e0000000,0x00000000e101d490,0x00000000ea680000)
 Metaspace       used 43515K, capacity 44386K, committed 44544K, reserved 1087488K
  class space    used 5615K, capacity 5829K, committed 5888K, reserved 1048576K
}
Event: 51.440 GC heap before
{Heap before GC invocations=12 (full 2):
 PSYoungGen      total 159744K, used 159742K [0x00000000f5580000, 0x0000000100000000, 0x0000000100000000)
  eden space 148992K, 100% used [0x00000000f5580000,0x00000000fe700000,0x00000000fe700000)
  from space 10752K, 99% used [0x00000000fe700000,0x00000000ff17f920,0x00000000ff180000)
  to   space 13312K, 0% used [0x00000000ff300000,0x00000000ff300000,0x0000000100000000)
 ParOldGen       total 170496K, used 16501K [0x00000000e0000000, 0x00000000ea680000, 0x00000000f5580000)
  object space 170496K, 9% used [0x00000000e0000000,0x00000000e101d490,0x00000000ea680000)
 Metaspace       used 44283K, capacity 45220K, committed 45568K, reserved 1089536K
  class space    used 5640K, capacity 5868K, committed 5888K, reserved 1048576K
Event: 51.445 GC heap after
Heap after GC invocations=12 (full 2):
 PSYoungGen      total 161792K, used 8899K [0x00000000f5580000, 0x0000000100000000, 0x0000000100000000)
  eden space 148480K, 0% used [0x00000000f5580000,0x00000000f5580000,0x00000000fe680000)
  from space 13312K, 66% used [0x00000000ff300000,0x00000000ffbb0ca8,0x0000000100000000)
  to   space 12800K, 0% used [0x00000000fe680000,0x00000000fe680000,0x00000000ff300000)
 ParOldGen       total 170496K, used 16509K [0x00000000e0000000, 0x00000000ea680000, 0x00000000f5580000)
  object space 170496K, 9% used [0x00000000e0000000,0x00000000e101f490,0x00000000ea680000)
 Metaspace       used 44283K, capacity 45220K, committed 45568K, reserved 1089536K
  class space    used 5640K, capacity 5868K, committed 5888K, reserved 1048576K
}

